# JRE version: OpenJDK Runtime Environment (8.0_121-b13) (build 1.8.0_121-8u121-b13-4-b13)
# Java VM: OpenJDK 64-Bit Server VM (25.121-b13 mixed mode linux-amd64 compressed oops)
Heap:
 PSYoungGen      total 458240K, used 13291K [0x00000000d6780000, 0x00000000f5200000, 0x0000000100000000)
  eden space 444928K, 0% used [0x00000000d6780000,0x00000000d6780000,0x00000000f1a00000)
  from space 13312K, 99% used [0x00000000f1a00000,0x00000000f26facc0,0x00000000f2700000)
  to   space 9728K, 0% used [0x00000000f2700000,0x00000000f2700000,0x00000000f3080000)
 ParOldGen       total 129024K, used 71592K [0x0000000083600000, 0x000000008b400000, 0x00000000d6780000)
  object space 129024K, 55% used [0x0000000083600000,0x0000000087bea0d0,0x000000008b400000)
 Metaspace       used 62862K, capacity 98035K, committed 98176K, reserved 1116160K
  class space    used 19179K, capacity 31551K, committed 31616K, reserved 1048576K
GC Heap History (10 events):
Event: 13.034 GC heap after
Heap after GC invocations=15 (full 2):
 PSYoungGen      total 336384K, used 4860K [0x00000000d6780000, 0x00000000f0f00000, 0x0000000100000000)
  eden space 327680K, 0% used [0x00000000d6780000,0x00000000d6780000,0x00000000ea780000)
  from space 8704K, 55% used [0x00000000ea780000,0x00000000eac3f0b8,0x00000000eb000000)
  to   space 8704K, 0% used [0x00000000f0680000,0x00000000f0680000,0x00000000f0f00000)
 ParOldGen       total 89600K, used 19802K [0x0000000083600000, 0x0000000088d80000, 0x00000000d6780000)
  object space 89600K, 22% used [0x0000000083600000,0x0000000084956ac0,0x0000000088d80000)
 Metaspace       used 40554K, capacity 59001K, committed 59136K, reserved 1091584K
  class space    used 11417K, capacity 17805K, committed 17920K, reserved 1048576K
}
Event: 13.034 GC heap before
{Heap before GC invocations=16 (full 3):
 PSYoungGen      total 336384K, used 4860K [0x00000000d6780000, 0x00000000f0f00000, 0x0000000100000000)
  eden space 327680K, 0% used [0x00000000d6780000,0x00000000d6780000,0x00000000ea780000)
  from space 8704K, 55% used [0x00000000ea780000,0x00000000eac3f0b8,0x00000000eb000000)
  to   space 8704K, 0% used [0x00000000f0680000,0x00000000f0680000,0x00000000f0f00000)
 ParOldGen       total 89600K, used 19802K [0x0000000083600000, 0x0000000088d80000, 0x00000000d6780000)
  object space 89600K, 22% used [0x0000000083600000,0x0000000084956ac0,0x0000000088d80000)
 Metaspace       used 40554K, capacity 59001K, committed 59136K, reserved 1091584K
  class space    used 11417K, capacity 17805K, committed 17920K, reserved 1048576K
Event: 13.299 GC heap after
Heap after GC invocations=16 (full 3):
 PSYoungGen      total 336384K, used 0K [0x00000000d6780000, 0x00000000f0f00000, 0x0000000100000000)
  eden space 327680K, 0% used [0x00000000d6780000,0x00000000d6780000,0x00000000ea780000)
  from space 8704K, 0% used [0x00000000ea780000,0x00000000ea780000,0x00000000eb000000)
  to   space 8704K, 0% used [0x00000000f0680000,0x00000000f0680000,0x00000000f0f00000)
 ParOldGen       total 129024K, used 21531K [0x0000000083600000, 0x000000008b400000, 0x00000000d6780000)
  object space 129024K, 16% used [0x0000000083600000,0x0000000084b06d58,0x000000008b400000)
 Metaspace       used 40554K, capacity 59001K, committed 59136K, reserved 1091584K
  class space    used 11417K, capacity 17805K, committed 17920K, reserved 1048576K
}
Event: 15.671 GC heap before
{Heap before GC invocations=17 (full 3):
 PSYoungGen      total 336384K, used 327680K [0x00000000d6780000, 0x00000000f0f00000, 0x0000000100000000)
  eden space 327680K, 100% used [0x00000000d6780000,0x00000000ea780000,0x00000000ea780000)
  from space 8704K, 0% used [0x00000000ea780000,0x00000000ea780000,0x00000000eb000000)
  to   space 8704K, 0% used [0x00000000f0680000,0x00000000f0680000,0x00000000f0f00000)
 ParOldGen       total 129024K, used 21531K [0x0000000083600000, 0x000000008b400000, 0x00000000d6780000)
  object space 129024K, 16% used [0x0000000083600000,0x0000000084b06d58,0x000000008b400000)
 Metaspace       used 45641K, capacity 68409K, committed 68480K, reserved 1097728K
  class space    used 13137K, capacity 21061K, committed 21120K, reserved 1048576K
Event: 15.679 GC heap after
Heap after GC invocations=17 (full 3):
 PSYoungGen      total 388096K, used 3479K [0x00000000d6780000, 0x00000000f0a00000, 0x0000000100000000)
  eden space 384512K, 0% used [0x00000000d6780000,0x00000000d6780000,0x00000000edf00000)
  from space 3584K, 97% used [0x00000000f0680000,0x00000000f09e5d18,0x00000000f0a00000)
  to   space 8704K, 0% used [0x00000000ef900000,0x00000000ef900000,0x00000000f0180000)
 ParOldGen       total 129024K, used 21539K [0x0000000083600000, 0x000000008b400000, 0x00000000d6780000)
  object space 129024K, 16% used [0x0000000083600000,0x0000000084b08d58,0x000000008b400000)
 Metaspace       used 45641K, capacity 68409K, committed 68480K, reserved 1097728K
  class space    used 13137K, capacity 21061K, committed 21120K, reserved 1048576K
}
Event: 18.443 GC heap before
{Heap before GC invocations=18 (full 3):
 PSYoungGen      total 388096K, used 387991K [0x00000000d6780000, 0x00000000f0a00000, 0x0000000100000000)
  eden space 384512K, 100% used [0x00000000d6780000,0x00000000edf00000,0x00000000edf00000)
  from space 3584K, 97% used [0x00000000f0680000,0x00000000f09e5d18,0x00000000f0a00000)
  to   space 8704K, 0% used [0x00000000ef900000,0x00000000ef900000,0x00000000f0180000)
 ParOldGen       total 129024K, used 21539K [0x0000000083600000, 0x000000008b400000, 0x00000000d6780000)
  object space 129024K, 16% used [0x0000000083600000,0x0000000084b08d58,0x000000008b400000)
 Metaspace       used 52835K, capacity 80623K, committed 80896K, reserved 1105920K
  class space    used 15582K, capacity 25259K, committed 25344K, reserved 1048576K
Event: 18.470 GC heap after
Heap after GC invocations=18 (full 3):
 PSYoungGen      total 419840K, used 8672K [0x00000000d6780000, 0x00000000f3080000, 0x0000000100000000)
  eden space 411136K, 0% used [0x00000000d6780000,0x00000000d6780000,0x00000000ef900000)
  from space 8704K, 99% used [0x00000000ef900000,0x00000000f0178050,0x00000000f0180000)
  to   space 9728K, 0% used [0x00000000f2700000,0x00000000f2700000,0x00000000f3080000)
 ParOldGen       total 129024K, used 22179K [0x0000000083600000, 0x000000008b400000, 0x00000000d6780000)
  object space 129024K, 17% used [0x0000000083600000,0x0000000084ba8d10,0x000000008b400000)
 Metaspace       used 52835K, capacity 80623K, committed 80896K, reserved 1105920K
  class space    used 15582K, capacity 25259K, committed 25344K, reserved 1048576K
}
Event: 21.806 GC heap before
{Heap before GC invocations=19 (full 3):
 PSYoungGen      total 419840K, used 419808K [0x00000000d6780000, 0x00000000f3080000, 0x0000000100000000)
  eden space 411136K, 100% used [0x00000000d6780000,0x00000000ef900000,0x00000000ef900000)
  from space 8704K, 99% used [0x00000000ef900000,0x00000000f0178050,0x00000000f0180000)
  to   space 9728K, 0% used [0x00000000f2700000,0x00000000f2700000,0x00000000f3080000)
 ParOldGen       total 129024K, used 22179K [0x0000000083600000, 0x000000008b400000, 0x00000000d6780000)
  object space 129024K, 17% used [0x0000000083600000,0x0000000084ba8d10,0x000000008b400000)
 Metaspace       used 62012K, capacity 97111K, committed 97280K, reserved 1116160K
  class space    used 18890K, capacity 31219K, committed 31232K, reserved 1048576K
Event: 21.834 GC heap after
Heap after GC invocations=19 (full 3):
 PSYoungGen      total 454656K, used 9705K [0x00000000d6780000, 0x00000000f5200000, 0x0000000100000000)
  eden space 444928K, 0% used [0x00000000d6780000,0x00000000d6780000,0x00000000f1a00000)
  from space 9728K, 99% used [0x00000000f2700000,0x00000000f307a750,0x00000000f3080000)
  to   space 13312K, 0% used [0x00000000f1a00000,0x00000000f1a00000,0x00000000f2700000)
 ParOldGen       total 129024K, used 28717K [0x0000000083600000, 0x000000008b400000, 0x00000000d6780000)
  object space 129024K, 22% used [0x0000000083600000,0x000000008520b510,0x000000008b400000)
 Metaspace       used 62012K, capacity 97111K, committed 97280K, reserved 1116160K
  class space    used 18890K, capacity 31219K, committed 31232K, reserved 1048576K
}
Event: 23.391 GC heap before
{Heap before GC invocations=20 (full 3):
 PSYoungGen      total 454656K, used 454633K [0x00000000d6780000, 0x00000000f5200000, 0x0000000100000000)
  eden space 444928K, 100% used [0x00000000d6780000,0x00000000f1a00000,0x00000000f1a00000)
  from space 9728K, 99% used [0x00000000f2700000,0x00000000f307a750,0x00000000f3080000)
  to   space 13312K, 0% used [0x00000000f1a00000,0x00000000f1a00000,0x00000000f2700000)
 ParOldGen       total 129024K, used 28717K [0x0000000083600000, 0x000000008b400000, 0x00000000d6780000)
  object space 129024K, 22% used [0x0000000083600000,0x000000008520b510,0x000000008b400000)
 Metaspace       used 62862K, capacity 98035K, committed 98176K, reserved 1116160K
  class space    used 19179K, capacity 31551K, committed 31616K, reserved 1048576K

