# JRE version: OpenJDK Runtime Environment (8.0_121-b13) (build 1.8.0_121-8u121-b13-4-b13)
# Java VM: OpenJDK 64-Bit Server VM (25.121-b13 mixed mode linux-amd64 compressed oops)
Heap:
 PSYoungGen      total 432640K, used 12784K [0x00000000d6780000, 0x00000000f6700000, 0x0000000100000000)
  eden space 419840K, 0% used [0x00000000d6780000,0x00000000d6780000,0x00000000f0180000)
  from space 12800K, 99% used [0x00000000f5a80000,0x00000000f66fc060,0x00000000f6700000)
  to   space 11264K, 0% used [0x00000000f0180000,0x00000000f0180000,0x00000000f0c80000)
 ParOldGen       total 135680K, used 35626K [0x0000000083600000, 0x000000008ba80000, 0x00000000d6780000)
  object space 135680K, 26% used [0x0000000083600000,0x00000000858ca8e8,0x000000008ba80000)
 Metaspace       used 58710K, capacity 90249K, committed 90368K, reserved 1112064K
  class space    used 17216K, capacity 27904K, committed 27904K, reserved 1048576K
GC Heap History (10 events):
Event: 17.306 GC heap after
Heap after GC invocations=12 (full 2):
 PSYoungGen      total 377344K, used 8182K [0x00000000d6780000, 0x00000000ee380000, 0x0000000100000000)
  eden space 369152K, 0% used [0x00000000d6780000,0x00000000d6780000,0x00000000ed000000)
  from space 8192K, 99% used [0x00000000edb80000,0x00000000ee37db70,0x00000000ee380000)
  to   space 9216K, 0% used [0x00000000ed180000,0x00000000ed180000,0x00000000eda80000)
 ParOldGen       total 92672K, used 14723K [0x0000000083600000, 0x0000000089080000, 0x00000000d6780000)
  object space 92672K, 15% used [0x0000000083600000,0x0000000084460e68,0x0000000089080000)
 Metaspace       used 40544K, capacity 59005K, committed 59136K, reserved 1091584K
  class space    used 11417K, capacity 17805K, committed 17920K, reserved 1048576K
}
Event: 17.306 GC heap before
{Heap before GC invocations=13 (full 3):
 PSYoungGen      total 377344K, used 8182K [0x00000000d6780000, 0x00000000ee380000, 0x0000000100000000)
  eden space 369152K, 0% used [0x00000000d6780000,0x00000000d6780000,0x00000000ed000000)
  from space 8192K, 99% used [0x00000000edb80000,0x00000000ee37db70,0x00000000ee380000)
  to   space 9216K, 0% used [0x00000000ed180000,0x00000000ed180000,0x00000000eda80000)
 ParOldGen       total 92672K, used 14723K [0x0000000083600000, 0x0000000089080000, 0x00000000d6780000)
  object space 92672K, 15% used [0x0000000083600000,0x0000000084460e68,0x0000000089080000)
 Metaspace       used 40544K, capacity 59005K, committed 59136K, reserved 1091584K
  class space    used 11417K, capacity 17805K, committed 17920K, reserved 1048576K
Event: 17.656 GC heap after
Heap after GC invocations=13 (full 3):
 PSYoungGen      total 377344K, used 0K [0x00000000d6780000, 0x00000000ee380000, 0x0000000100000000)
  eden space 369152K, 0% used [0x00000000d6780000,0x00000000d6780000,0x00000000ed000000)
  from space 8192K, 0% used [0x00000000edb80000,0x00000000edb80000,0x00000000ee380000)
  to   space 9216K, 0% used [0x00000000ed180000,0x00000000ed180000,0x00000000eda80000)
 ParOldGen       total 135680K, used 22057K [0x0000000083600000, 0x000000008ba80000, 0x00000000d6780000)
  object space 135680K, 16% used [0x0000000083600000,0x0000000084b8a690,0x000000008ba80000)
 Metaspace       used 40544K, capacity 59005K, committed 59136K, reserved 1091584K
  class space    used 11417K, capacity 17805K, committed 17920K, reserved 1048576K
}
Event: 22.200 GC heap before
{Heap before GC invocations=14 (full 3):
 PSYoungGen      total 377344K, used 369152K [0x00000000d6780000, 0x00000000ee380000, 0x0000000100000000)
  eden space 369152K, 100% used [0x00000000d6780000,0x00000000ed000000,0x00000000ed000000)
  from space 8192K, 0% used [0x00000000edb80000,0x00000000edb80000,0x00000000ee380000)
  to   space 9216K, 0% used [0x00000000ed180000,0x00000000ed180000,0x00000000eda80000)
 ParOldGen       total 135680K, used 22057K [0x0000000083600000, 0x000000008ba80000, 0x00000000d6780000)
  object space 135680K, 16% used [0x0000000083600000,0x0000000084b8a690,0x000000008ba80000)
 Metaspace       used 45927K, capacity 69159K, committed 69248K, reserved 1097728K
  class space    used 13240K, capacity 21287K, committed 21376K, reserved 1048576K
Event: 22.215 GC heap after
Heap after GC invocations=14 (full 3):
 PSYoungGen      total 379904K, used 3287K [0x00000000d6780000, 0x00000000f1600000, 0x0000000100000000)
  eden space 370688K, 0% used [0x00000000d6780000,0x00000000d6780000,0x00000000ed180000)
  from space 9216K, 35% used [0x00000000ed180000,0x00000000ed4b5d18,0x00000000eda80000)
  to   space 9728K, 0% used [0x00000000f0c80000,0x00000000f0c80000,0x00000000f1600000)
 ParOldGen       total 135680K, used 22065K [0x0000000083600000, 0x000000008ba80000, 0x00000000d6780000)
  object space 135680K, 16% used [0x0000000083600000,0x0000000084b8c690,0x000000008ba80000)
 Metaspace       used 45927K, capacity 69159K, committed 69248K, reserved 1097728K
  class space    used 13240K, capacity 21287K, committed 21376K, reserved 1048576K
}
Event: 25.843 GC heap before
{Heap before GC invocations=15 (full 3):
 PSYoungGen      total 379904K, used 373975K [0x00000000d6780000, 0x00000000f1600000, 0x0000000100000000)
  eden space 370688K, 100% used [0x00000000d6780000,0x00000000ed180000,0x00000000ed180000)
  from space 9216K, 35% used [0x00000000ed180000,0x00000000ed4b5d18,0x00000000eda80000)
  to   space 9728K, 0% used [0x00000000f0c80000,0x00000000f0c80000,0x00000000f1600000)
 ParOldGen       total 135680K, used 22065K [0x0000000083600000, 0x000000008ba80000, 0x00000000d6780000)
  object space 135680K, 16% used [0x0000000083600000,0x0000000084b8c690,0x000000008ba80000)
 Metaspace       used 52591K, capacity 80219K, committed 80512K, reserved 1103872K
  class space    used 15483K, capacity 25100K, committed 25216K, reserved 1048576K
Event: 25.888 GC heap after
Heap after GC invocations=15 (full 3):
 PSYoungGen      total 429568K, used 9696K [0x00000000d6780000, 0x00000000f1d00000, 0x0000000100000000)
  eden space 419840K, 0% used [0x00000000d6780000,0x00000000d6780000,0x00000000f0180000)
  from space 9728K, 99% used [0x00000000f0c80000,0x00000000f15f8030,0x00000000f1600000)
  to   space 11264K, 0% used [0x00000000f0180000,0x00000000f0180000,0x00000000f0c80000)
 ParOldGen       total 135680K, used 23055K [0x0000000083600000, 0x000000008ba80000, 0x00000000d6780000)
  object space 135680K, 16% used [0x0000000083600000,0x0000000084c83dd0,0x000000008ba80000)
 Metaspace       used 52591K, capacity 80219K, committed 80512K, reserved 1103872K
  class space    used 15483K, capacity 25100K, committed 25216K, reserved 1048576K
}
Event: 27.346 GC heap before
{Heap before GC invocations=16 (full 3):
 PSYoungGen      total 429568K, used 429536K [0x00000000d6780000, 0x00000000f1d00000, 0x0000000100000000)
  eden space 419840K, 100% used [0x00000000d6780000,0x00000000f0180000,0x00000000f0180000)
  from space 9728K, 99% used [0x00000000f0c80000,0x00000000f15f8030,0x00000000f1600000)
  to   space 11264K, 0% used [0x00000000f0180000,0x00000000f0180000,0x00000000f0c80000)
 ParOldGen       total 135680K, used 23055K [0x0000000083600000, 0x000000008ba80000, 0x00000000d6780000)
  object space 135680K, 16% used [0x0000000083600000,0x0000000084c83dd0,0x000000008ba80000)
 Metaspace       used 54884K, capacity 84161K, committed 84224K, reserved 1107968K
  class space    used 16198K, capacity 26326K, committed 26368K, reserved 1048576K
Event: 27.387 GC heap after
Heap after GC invocations=16 (full 3):
 PSYoungGen      total 431104K, used 11232K [0x00000000d6780000, 0x00000000f6700000, 0x0000000100000000)
  eden space 419840K, 0% used [0x00000000d6780000,0x00000000d6780000,0x00000000f0180000)
  from space 11264K, 99% used [0x00000000f0180000,0x00000000f0c78060,0x00000000f0c80000)
  to   space 12800K, 0% used [0x00000000f5a80000,0x00000000f5a80000,0x00000000f6700000)
 ParOldGen       total 135680K, used 23354K [0x0000000083600000, 0x000000008ba80000, 0x00000000d6780000)
  object space 135680K, 17% used [0x0000000083600000,0x0000000084cce9e8,0x000000008ba80000)
 Metaspace       used 54884K, capacity 84161K, committed 84224K, reserved 1107968K
  class space    used 16198K, capacity 26326K, committed 26368K, reserved 1048576K
}
Event: 44.663 GC heap before
{Heap before GC invocations=17 (full 3):
 PSYoungGen      total 431104K, used 431072K [0x00000000d6780000, 0x00000000f6700000, 0x0000000100000000)
  eden space 419840K, 100% used [0x00000000d6780000,0x00000000f0180000,0x00000000f0180000)
  from space 11264K, 99% used [0x00000000f0180000,0x00000000f0c78060,0x00000000f0c80000)
  to   space 12800K, 0% used [0x00000000f5a80000,0x00000000f5a80000,0x00000000f6700000)
 ParOldGen       total 135680K, used 23354K [0x0000000083600000, 0x000000008ba80000, 0x00000000d6780000)
  object space 135680K, 17% used [0x0000000083600000,0x0000000084cce9e8,0x000000008ba80000)
 Metaspace       used 58710K, capacity 90249K, committed 90368K, reserved 1112064K
  class space    used 17216K, capacity 27904K, committed 27904K, reserved 1048576K

